2022-12-27 17:35:48.801 [main] INFO  k.j.JipsayoBackendApplicationKt - Starting JipsayoBackendApplicationKt on HYUNHO-DESKTOP with PID 20940 (C:\Users\hyunho\Documents\Github\krescere\jipsayo-backend\build\classes\kotlin\main started by hyunho in C:\Users\hyunho\Documents\Github\krescere\jipsayo-backend)
2022-12-27 17:35:48.803 [main] INFO  k.j.JipsayoBackendApplicationKt - The following profiles are active: local,console-logging
2022-12-27 17:35:49.324 [main] INFO  o.s.d.r.c.RepositoryConfigurationDelegate - Bootstrapping Spring Data repositories in DEFAULT mode.
2022-12-27 17:35:49.379 [main] INFO  o.s.d.r.c.RepositoryConfigurationDelegate - Finished Spring Data repository scanning in 50ms. Found 2 repository interfaces.
2022-12-27 17:35:49.626 [main] INFO  o.s.c.s.PostProcessorRegistrationDelegate$BeanPostProcessorChecker - Bean 'org.springframework.transaction.annotation.ProxyTransactionManagementConfiguration' of type [org.springframework.transaction.annotation.ProxyTransactionManagementConfiguration$$EnhancerBySpringCGLIB$$98d13306] is not eligible for getting processed by all BeanPostProcessors (for example: not eligible for auto-proxying)
2022-12-27 17:35:49.836 [main] INFO  o.s.b.w.e.tomcat.TomcatWebServer - Tomcat initialized with port(s): 8080 (http)
2022-12-27 17:35:49.848 [main] INFO  o.a.coyote.http11.Http11NioProtocol - Initializing ProtocolHandler ["http-nio-8080"]
2022-12-27 17:35:49.855 [main] INFO  o.a.catalina.core.StandardService - Starting service [Tomcat]
2022-12-27 17:35:49.856 [main] INFO  o.a.catalina.core.StandardEngine - Starting Servlet engine: [Apache Tomcat/9.0.22]
2022-12-27 17:35:49.957 [main] INFO  o.a.c.c.C.[Tomcat].[localhost].[/] - Initializing Spring embedded WebApplicationContext
2022-12-27 17:35:49.957 [main] INFO  o.s.web.context.ContextLoader - Root WebApplicationContext: initialization completed in 1123 ms
2022-12-27 17:35:50.073 [main] INFO  com.zaxxer.hikari.HikariDataSource - HikariPool-1 - Starting...
2022-12-27 17:35:50.188 [main] INFO  com.zaxxer.hikari.HikariDataSource - HikariPool-1 - Start completed.
2022-12-27 17:35:50.230 [main] INFO  o.h.jpa.internal.util.LogHelper - HHH000204: Processing PersistenceUnitInfo [
	name: default
	...]
2022-12-27 17:35:50.282 [main] INFO  org.hibernate.Version - HHH000412: Hibernate Core {5.3.10.Final}
2022-12-27 17:35:50.283 [main] INFO  org.hibernate.cfg.Environment - HHH000206: hibernate.properties not found
2022-12-27 17:35:50.397 [main] INFO  o.h.annotations.common.Version - HCANN000001: Hibernate Commons Annotations {5.0.4.Final}
2022-12-27 17:35:50.519 [main] INFO  org.hibernate.dialect.Dialect - HHH000400: Using dialect: org.hibernate.dialect.MySQL5Dialect
2022-12-27 17:35:50.900 [main] INFO  o.s.o.j.LocalContainerEntityManagerFactoryBean - Initialized JPA EntityManagerFactory for persistence unit 'default'
2022-12-27 17:35:51.489 [main] INFO  o.s.s.c.ThreadPoolTaskExecutor - Initializing ExecutorService 'applicationTaskExecutor'
2022-12-27 17:35:51.631 [main] INFO  o.a.coyote.http11.Http11NioProtocol - Starting ProtocolHandler ["http-nio-8080"]
2022-12-27 17:35:51.677 [main] INFO  o.s.b.w.e.tomcat.TomcatWebServer - Tomcat started on port(s): 8080 (http) with context path ''
2022-12-27 17:35:51.681 [main] INFO  k.j.JipsayoBackendApplicationKt - Started JipsayoBackendApplicationKt in 3.264 seconds (JVM running for 3.934)
2022-12-27 17:36:28.478 [http-nio-8080-exec-2] INFO  o.a.c.c.C.[Tomcat].[localhost].[/] - Initializing Spring DispatcherServlet 'dispatcherServlet'
2022-12-27 17:36:28.479 [http-nio-8080-exec-2] INFO  o.s.web.servlet.DispatcherServlet - Initializing Servlet 'dispatcherServlet'
2022-12-27 17:36:28.483 [http-nio-8080-exec-2] INFO  o.s.web.servlet.DispatcherServlet - Completed initialization in 4 ms
2022-12-27 17:36:28.586 [http-nio-8080-exec-2] INFO  o.h.h.i.QueryTranslatorFactoryInitiator - HHH000397: Using ASTQueryTranslatorFactory
